[    0.000000] Initializing cgroup subsys cpuset
[    0.000000] Initializing cgroup subsys cpu
[    0.000000] Initializing cgroup subsys cpuacct
[    0.000000] Linux version 4.4.0-78-generic (buildd@lgw01-11) (gcc version 5.4.0 20160609 (Ubuntu 5.4.0-6ubuntu1~16.04.4) ) #99-Ubuntu SMP Thu Apr 27 15:29:09 UTC 2017 (Ubuntu 4.4.0-78.99-generic 4.4.62)
[    0.000000] Command line: BOOT_IMAGE=/boot/vmlinuz-4.4.0-78-generic root=LABEL=cloudimg-rootfs ro console=tty1 console=ttyS0
[    0.000000] KERNEL supported cpus:
[    0.000000]   Intel GenuineIntel
[    0.000000]   AMD AuthenticAMD
[    0.000000]   Centaur CentaurHauls
[    0.000000] ------------[ cut here ]------------
[    0.000000] WARNING: CPU: 0 PID: 0 at /build/linux-0XAgc4/linux-4.4.0/arch/x86/kernel/fpu/xstate.c:517 fpu__init_system_xstate+0x38b/0x75a()
[    0.000000] XSAVE consistency problem, dumping leaves
[    0.000000] Modules linked in:
[    0.000000] CPU: 0 PID: 0 Comm: swapper Not tainted 4.4.0-78-generic #99-Ubuntu
[    0.000000]  0000000000000086 a3ab8bb8b4b2da36 ffffffff81e03d80 ffffffff813f8dd3
[    0.000000]  ffffffff81e03dc8 ffffffff81ca9c50 ffffffff81e03db8 ffffffff81081302
[    0.000000]  ffffffff81e03e48 ffffffff81e03e4c 0000000000000008 0000000000000100
[    0.000000] Call Trace:
[    0.000000]  [<ffffffff813f8dd3>] dump_stack+0x63/0x90
[    0.000000]  [<ffffffff81081302>] warn_slowpath_common+0x82/0xc0
[    0.000000]  [<ffffffff8108139c>] warn_slowpath_fmt+0x5c/0x80
[    0.000000]  [<ffffffff8107cfd0>] ? xfeature_size+0x59/0x77
[    0.000000]  [<ffffffff81f6d218>] fpu__init_system_xstate+0x38b/0x75a
[    0.000000]  [<ffffffff81f5d120>] ? early_idt_handler_array+0x120/0x120
[    0.000000]  [<ffffffff81f6cb83>] fpu__init_system+0x10d/0x245
[    0.000000]  [<ffffffff81f6dc8c>] early_cpu_init+0x139/0x13e
[    0.000000]  [<ffffffff81f6dc8c>] ? early_cpu_init+0x139/0x13e
[    0.000000]  [<ffffffff81f69193>] setup_arch+0xb4/0xcf1
[    0.000000]  [<ffffffff81f5d120>] ? early_idt_handler_array+0x120/0x120
[    0.000000]  [<ffffffff81f5dc74>] start_kernel+0xe4/0x4a2
[    0.000000]  [<ffffffff81f5d120>] ? early_idt_handler_array+0x120/0x120
[    0.000000]  [<ffffffff81f5d339>] x86_64_start_reservations+0x2a/0x2c
[    0.000000]  [<ffffffff81f5d485>] x86_64_start_kernel+0x14a/0x16d
[    0.000000] ---[ end trace 4d5ff9f2f68c4233 ]---
[    0.000000] CPUID[0d, 00]: eax=00000007 ebx=00000440 ecx=00000440 edx=00000000
[    0.000000] CPUID[0d, 01]: eax=00000000 ebx=000003c0 ecx=00000000 edx=00000000
[    0.000000] CPUID[0d, 02]: eax=00000100 ebx=00000240 ecx=00000000 edx=00000000
[    0.000000] CPUID[0d, 03]: eax=00000000 ebx=00000000 ecx=00000000 edx=00000000
[    0.000000] CPUID[0d, 04]: eax=00000000 ebx=00000000 ecx=00000000 edx=00000000
[    0.000000] CPUID[0d, 05]: eax=00000000 ebx=00000000 ecx=00000000 edx=00000000
[    0.000000] CPUID[0d, 06]: eax=00000000 ebx=00000000 ecx=00000000 edx=00000000
[    0.000000] CPUID[0d, 07]: eax=00000000 ebx=00000000 ecx=00000000 edx=00000000
[    0.000000] CPUID[0d, 08]: eax=00000000 ebx=00000000 ecx=00000000 edx=00000000
[    0.000000] CPUID[0d, 09]: eax=00000000 ebx=00000000 ecx=00000000 edx=00000000
[    0.000000] CPUID[0d, 0a]: eax=00000000 ebx=00000000 ecx=00000000 edx=00000000
[    0.000000] CPUID[0d, 0b]: eax=00000000 ebx=00000000 ecx=00000000 edx=00000000
[    0.000000] CPUID[0d, 0c]: eax=00000000 ebx=00000000 ecx=00000000 edx=00000000
[    0.000000] CPUID[0d, 0d]: eax=00000000 ebx=00000000 ecx=00000000 edx=00000000
[    0.000000] CPUID[0d, 0e]: eax=00000000 ebx=00000000 ecx=00000000 edx=00000000
[    0.000000] CPUID[0d, 0f]: eax=00000000 ebx=00000000 ecx=00000000 edx=00000000
[    0.000000] CPUID[0d, 10]: eax=00000000 ebx=00000000 ecx=00000000 edx=00000000
[    0.000000] CPUID[0d, 11]: eax=00000000 ebx=00000000 ecx=00000000 edx=00000000
[    0.000000] x86/fpu: xstate_offset[2]:  576, xstate_sizes[2]:  256
[    0.000000] x86/fpu: Supporting XSAVE feature 0x01: 'x87 floating point registers'
[    0.000000] x86/fpu: Supporting XSAVE feature 0x02: 'SSE registers'
[    0.000000] x86/fpu: Supporting XSAVE feature 0x04: 'AVX registers'
[    0.000000] x86/fpu: Enabled xstate features 0x7, context size is 1088 bytes, using 'standard' format.
[    0.000000] x86/fpu: Using 'lazy' FPU context switches.
[    0.000000] e820: BIOS-provided physical RAM map:
[    0.000000] BIOS-e820: [mem 0x0000000000000000-0x000000000009fbff] usable
[    0.000000] BIOS-e820: [mem 0x000000000009fc00-0x000000000009ffff] reserved
[    0.000000] BIOS-e820: [mem 0x00000000000f0000-0x00000000000fffff] reserved
[    0.000000] BIOS-e820: [mem 0x0000000000100000-0x000000007ffeffff] usable
[    0.000000] BIOS-e820: [mem 0x000000007fff0000-0x000000007fffffff] ACPI data
[    0.000000] BIOS-e820: [mem 0x00000000fec00000-0x00000000fec00fff] reserved
[    0.000000] BIOS-e820: [mem 0x00000000fee00000-0x00000000fee00fff] reserved
[    0.000000] BIOS-e820: [mem 0x00000000fffc0000-0x00000000ffffffff] reserved
[    0.000000] NX (Execute Disable) protection: active
[    0.000000] SMBIOS 2.5 present.
[    0.000000] Hypervisor detected: KVM
[    0.000000] e820: last_pfn = 0x7fff0 max_arch_pfn = 0x400000000
[    0.000000] MTRR: Disabled
[    0.000000] x86/PAT: MTRRs disabled, skipping PAT initialization too.
[    0.000000] x86/PAT: Configuration [0-7]: WB  WT  UC- UC  WB  WT  UC- UC  
[    0.000000] CPU MTRRs all blank - virtualized system.
[    0.000000] found SMP MP-table at [mem 0x0009fff0-0x0009ffff] mapped at [ffff88000009fff0]
[    0.000000] Scanning 1 areas for low memory corruption
[    0.000000] RAMDISK: [mem 0x36ae6000-0x3756afff]
[    0.000000] ACPI: Early table checksum verification disabled
[    0.000000] ACPI: RSDP 0x00000000000E0000 000024 (v02 VBOX  )
[    0.000000] ACPI: XSDT 0x000000007FFF0030 00003C (v01 VBOX   VBOXXSDT 00000001 ASL  00000061)
[    0.000000] ACPI: FACP 0x000000007FFF00F0 0000F4 (v04 VBOX   VBOXFACP 00000001 ASL  00000061)
[    0.000000] ACPI: DSDT 0x000000007FFF0470 0021C8 (v02 VBOX   VBOXBIOS 00000002 INTL 20100528)
[    0.000000] ACPI: FACS 0x000000007FFF0200 000040
[    0.000000] ACPI: FACS 0x000000007FFF0200 000040
[    0.000000] ACPI: APIC 0x000000007FFF0240 000054 (v02 VBOX   VBOXAPIC 00000001 ASL  00000061)
[    0.000000] ACPI: SSDT 0x000000007FFF02A0 0001CC (v01 VBOX   VBOXCPUT 00000002 INTL 20100528)
[    0.000000] No NUMA configuration found
[    0.000000] Faking a node at [mem 0x0000000000000000-0x000000007ffeffff]
[    0.000000] NODE_DATA(0) allocated [mem 0x7ffeb000-0x7ffeffff]
[    0.000000] kvm-clock: Using msrs 4b564d01 and 4b564d00
[    0.000000] kvm-clock: cpu 0, msr 0:7ffe3001, primary cpu clock
[    0.000000] kvm-clock: using sched offset of 2910439719 cycles
[    0.000000] clocksource: kvm-clock: mask: 0xffffffffffffffff max_cycles: 0x1cd42e4dffb, max_idle_ns: 881590591483 ns
[    0.000000] Zone ranges:
[    0.000000]   DMA      [mem 0x0000000000001000-0x0000000000ffffff]
[    0.000000]   DMA32    [mem 0x0000000001000000-0x000000007ffeffff]
[    0.000000]   Normal   empty
[    0.000000]   Device   empty
[    0.000000] Movable zone start for each node
[    0.000000] Early memory node ranges
[    0.000000]   node   0: [mem 0x0000000000001000-0x000000000009efff]
[    0.000000]   node   0: [mem 0x0000000000100000-0x000000007ffeffff]
[    0.000000] Initmem setup node 0 [mem 0x0000000000001000-0x000000007ffeffff]
[    0.000000] ACPI: PM-Timer IO Port: 0x4008
[    0.000000] IOAPIC[0]: apic_id 1, version 32, address 0xfec00000, GSI 0-23
[    0.000000] ACPI: INT_SRC_OVR (bus 0 bus_irq 0 global_irq 2 dfl dfl)
[    0.000000] ACPI: INT_SRC_OVR (bus 0 bus_irq 9 global_irq 9 high level)
[    0.000000] Using ACPI (MADT) for SMP configuration information
[    0.000000] smpboot: Allowing 1 CPUs, 0 hotplug CPUs
[    0.000000] PM: Registered nosave memory: [mem 0x00000000-0x00000fff]
[    0.000000] PM: Registered nosave memory: [mem 0x0009f000-0x0009ffff]
[    0.000000] PM: Registered nosave memory: [mem 0x000a0000-0x000effff]
[    0.000000] PM: Registered nosave memory: [mem 0x000f0000-0x000fffff]
[    0.000000] e820: [mem 0x80000000-0xfebfffff] available for PCI devices
[    0.000000] Booting paravirtualized kernel on KVM
[    0.000000] clocksource: refined-jiffies: mask: 0xffffffff max_cycles: 0xffffffff, max_idle_ns: 7645519600211568 ns
[    0.000000] setup_percpu: NR_CPUS:512 nr_cpumask_bits:512 nr_cpu_ids:1 nr_node_ids:1
[    0.000000] PERCPU: Embedded 33 pages/cpu @ffff88007fc00000 s98264 r8192 d28712 u2097152
[    0.000000] PV qspinlock hash table entries: 256 (order: 0, 4096 bytes)
[    0.000000] Built 1 zonelists in Node order, mobility grouping on.  Total pages: 515961
[    0.000000] Policy zone: DMA32
[    0.000000] Kernel command line: BOOT_IMAGE=/boot/vmlinuz-4.4.0-78-generic root=LABEL=cloudimg-rootfs ro console=tty1 console=ttyS0
[    0.000000] PID hash table entries: 4096 (order: 3, 32768 bytes)
[    0.000000] Memory: 2034132K/2096696K available (8469K kernel code, 1294K rwdata, 3984K rodata, 1484K init, 1316K bss, 62564K reserved, 0K cma-reserved)
[    0.000000] SLUB: HWalign=64, Order=0-3, MinObjects=0, CPUs=1, Nodes=1
[    0.000000] Hierarchical RCU implementation.
[    0.000000] 	Build-time adjustment of leaf fanout to 64.
[    0.000000] 	RCU restricting CPUs from NR_CPUS=512 to nr_cpu_ids=1.
[    0.000000] RCU: Adjusting geometry for rcu_fanout_leaf=64, nr_cpu_ids=1
[    0.000000] NR_IRQS:33024 nr_irqs:256 16
[    0.000000] Console: colour VGA+ 80x25
[    0.000000] console [tty1] enabled
[    0.000000] console [ttyS0] enabled
[    0.000000] tsc: Detected 4199.996 MHz processor
[    4.739189] Calibrating delay loop (skipped) preset value.. 8399.99 BogoMIPS (lpj=16799984)
[    4.987910] pid_max: default: 32768 minimum: 301
[    5.104231] ACPI: Core revision 20150930
[    5.217693] ACPI: 2 ACPI AML tables successfully acquired and loaded
[    5.354920] Security Framework initialized
[    5.423608] Yama: becoming mindful.
[    5.518089] AppArmor: AppArmor initialized
[    5.643601] Dentry cache hash table entries: 262144 (order: 9, 2097152 bytes)
[    5.736660] Inode-cache hash table entries: 131072 (order: 8, 1048576 bytes)
[    5.737491] Mount-cache hash table entries: 4096 (order: 3, 32768 bytes)
[    5.738176] Mountpoint-cache hash table entries: 4096 (order: 3, 32768 bytes)
[    5.739032] Initializing cgroup subsys io
[    5.739509] Initializing cgroup subsys memory
[    5.740009] Initializing cgroup subsys devices
[    5.740515] Initializing cgroup subsys freezer
[    5.741019] Initializing cgroup subsys net_cls
[    5.741526] Initializing cgroup subsys perf_event
[    5.742051] Initializing cgroup subsys net_prio
[    5.742563] Initializing cgroup subsys hugetlb
[    5.743081] Initializing cgroup subsys pids
[    5.743619] CPU: Physical Processor ID: 0
[    5.833763] mce: CPU supports 0 MCE banks
[    5.948529] process: using mwait in idle threads
[    6.088535] Last level iTLB entries: 4KB 64, 2MB 8, 4MB 8
[    6.238445] Last level dTLB entries: 4KB 64, 2MB 0, 4MB 0, 1GB 4
[    6.433283] Freeing SMP alternatives memory: 32K (ffffffff820b8000 - ffffffff820c0000)
[    6.668304] ftrace: allocating 32120 entries in 126 pages
[    6.756735] smpboot: APIC(0) Converting physical 0 to logical package 0
[    6.879786] smpboot: Max logical packages: 1
[    6.970654] x2apic enabled
[    7.022722] Switched APIC routing to physical x2apic.
[    7.112899] ..TIMER: vector=0x30 apic1=0 pin1=2 apic2=-1 pin2=-1
[    7.343244] smpboot: CPU0: Intel(R) Core(TM) i7-7700K CPU @ 4.20GHz (family: 0x6, model: 0x9e, stepping: 0x9)
[    7.473172] Performance Events: unsupported p6 CPU model 158 no PMU driver, software events only.
[    7.495355] KVM setup paravirtual spinlock
[    7.512301] x86: Booted up 1 node, 1 CPUs
[    7.566631] smpboot: Total of 1 processors activated (8399.99 BogoMIPS)
[    7.567490] devtmpfs: initialized
[    7.577624] evm: security.selinux
[    7.578046] evm: security.SMACK64
[    7.578467] evm: security.SMACK64EXEC
[    7.578910] evm: security.SMACK64TRANSMUTE
[    7.585318] evm: security.SMACK64MMAP
[    7.603675] evm: security.ima
[    7.609627] evm: security.capability
[    7.673916] clocksource: jiffies: mask: 0xffffffff max_cycles: 0xffffffff, max_idle_ns: 7645041785100000 ns
[    7.739127] futex hash table entries: 256 (order: 2, 16384 bytes)
[    7.741272] pinctrl core: initialized pinctrl subsystem
[    7.741916] RTC time: 13:58:35, date: 06/05/17
[    7.742498] NET: Registered protocol family 16
[    7.743099] cpuidle: using governor ladder
[    7.743582] cpuidle: using governor menu
[    7.744054] PCCT header not found.
[    7.744517] ACPI: bus type PCI registered
[    7.744990] acpiphp: ACPI Hot Plug PCI Controller Driver version: 0.5
[    7.745708] PCI: Using configuration type 1 for base access
[    7.746971] ACPI: Added _OSI(Module Device)
[    7.747463] ACPI: Added _OSI(Processor Device)
[    7.749094] ACPI: Added _OSI(3.0 _SCP Extensions)
[    7.749623] ACPI: Added _OSI(Processor Aggregator Device)
[    7.750543] ACPI: Executed 1 blocks of module-level executable AML code
[    7.752350] ACPI: Interpreter enabled
[    7.754224] ACPI: (supports S0 S5)
[    7.754650] ACPI: Using IOAPIC for interrupt routing
[    7.810329] PCI: Using host bridge windows from ACPI; if necessary, use "pci=nocrs" and report a bug
[    7.973006] ACPI: PCI Root Bridge [PCI0] (domain 0000 [bus 00-ff])
[    7.975071] acpi PNP0A03:00: _OSC: OS supports [ASPM ClockPM Segments MSI]
[    7.976905] acpi PNP0A03:00: _OSC failed (AE_NOT_FOUND); disabling ASPM
[    7.977610] acpi PNP0A03:00: fail to add MMCONFIG information, can't access extended PCI configuration space under this bridge.
[    8.072828] PCI host bridge to bus 0000:00
[    8.073315] pci_bus 0000:00: root bus resource [io  0x0000-0x0cf7 window]
[    8.163254] pci_bus 0000:00: root bus resource [io  0x0d00-0xffff window]
[    8.271531] pci_bus 0000:00: root bus resource [mem 0x000a0000-0x000bffff window]
[    8.444629] pci_bus 0000:00: root bus resource [mem 0x80000000-0xffdfffff window]
[    8.636643] pci_bus 0000:00: root bus resource [bus 00-ff]
[    8.765879] pci 0000:00:01.1: legacy IDE quirk: reg 0x10: [io  0x01f0-0x01f7]
[    8.927855] pci 0000:00:01.1: legacy IDE quirk: reg 0x14: [io  0x03f6]
[    9.066677] pci 0000:00:01.1: legacy IDE quirk: reg 0x18: [io  0x0170-0x0177]
[    9.225108] pci 0000:00:01.1: legacy IDE quirk: reg 0x1c: [io  0x0376]
[    9.384246] pci 0000:00:07.0: quirk: [io  0x4000-0x403f] claimed by PIIX4 ACPI
[    9.431270] pci 0000:00:07.0: quirk: [io  0x4100-0x410f] claimed by PIIX4 SMB
[    9.447654] ACPI: PCI Interrupt Link [LNKA] (IRQs 5 9 10 *11)
[    9.460287] ACPI: PCI Interrupt Link [LNKB] (IRQs 5 9 10 *11)
[    9.461195] ACPI: PCI Interrupt Link [LNKC] (IRQs 5 9 *10 11)
[    9.462099] ACPI: PCI Interrupt Link [LNKD] (IRQs 5 *9 10 11)
[    9.463055] ACPI: Enabled 2 GPEs in block 00 to 07
[    9.471958] vgaarb: setting as boot device: PCI:0000:00:02.0
[    9.481264] vgaarb: device added: PCI:0000:00:02.0,decodes=io+mem,owns=io+mem,locks=none
[    9.501024] vgaarb: loaded
[    9.501406] vgaarb: bridge control possible 0000:00:02.0
[    9.516666] SCSI subsystem initialized
[    9.519221] ACPI: bus type USB registered
[    9.519715] usbcore: registered new interface driver usbfs
[    9.520316] usbcore: registered new interface driver hub
[    9.520918] usbcore: registered new device driver usb
[    9.527450] PCI: Using ACPI for IRQ routing
[    9.528131] NetLabel: Initializing
[    9.528559] NetLabel:  domain hash size = 128
[    9.529058] NetLabel:  protocols = UNLABELED CIPSOv4
[    9.529614] NetLabel:  unlabeled traffic allowed by default
[    9.530255] amd_nb: Cannot enumerate AMD northbridges
[    9.530823] clocksource: Switched to clocksource kvm-clock
[    9.552712] AppArmor: AppArmor Filesystem Enabled
[    9.567617] pnp: PnP ACPI init
[    9.571544] pnp: PnP ACPI: found 3 devices
[    9.577160] clocksource: acpi_pm: mask: 0xffffff max_cycles: 0xffffff, max_idle_ns: 2085701024 ns
[    9.586690] NET: Registered protocol family 2
[    9.590837] TCP established hash table entries: 16384 (order: 5, 131072 bytes)
[    9.591720] TCP bind hash table entries: 16384 (order: 6, 262144 bytes)
[    9.601828] TCP: Hash tables configured (established 16384 bind 16384)
[    9.602571] UDP hash table entries: 1024 (order: 3, 32768 bytes)
[    9.609431] UDP-Lite hash table entries: 1024 (order: 3, 32768 bytes)
[    9.615192] NET: Registered protocol family 1
[    9.626026] pci 0000:00:00.0: Limiting direct PCI/PCI transfers
[    9.629611] pci 0000:00:01.0: Activating ISA DMA hang workarounds
[    9.637842] Unpacking initramfs...
[   10.764519] Freeing initrd memory: 10772K (ffff880036ae6000 - ffff88003756b000)
[   10.822324] platform rtc_cmos: registered platform RTC device (no PNP device found)
[   10.823230] Scanning for low memory corruption every 60 seconds
[   10.838730] audit: initializing netlink subsys (disabled)
[   10.945306] audit: type=2000 audit(1496671113.768:1): initialized
[   11.040187] Initialise system trusted keyring
[   11.086684] HugeTLB registered 2 MB page size, pre-allocated 0 pages
[   11.090196] zbud: loaded
[   11.092160] VFS: Disk quotas dquot_6.6.0
[   11.092650] VFS: Dquot-cache hash table entries: 512 (order 0, 4096 bytes)
[   11.093485] squashfs: version 4.0 (2009/01/31) Phillip Lougher
[   11.094220] fuse init (API version 7.23)
[   11.094767] Key type big_key registered
[   11.095252] Allocating IMA MOK and blacklist keyrings.
[   11.186495] Key type asymmetric registered
[   11.259560] Asymmetric key parser 'x509' registered
[   11.331307] Block layer SCSI generic (bsg) driver version 0.4 loaded (major 249)
[   11.471843] io scheduler noop registered
[   11.533317] io scheduler deadline registered (default)
[   11.652168] io scheduler cfq registered
[   11.679393] pci_hotplug: PCI Hot Plug PCI Core version: 0.5
[   11.683528] pciehp: PCI Express Hot Plug Controller Driver version: 0.4
[   11.701966] ACPI: AC Adapter [AC] (on-line)
[   11.702506] input: Power Button as /devices/LNXSYSTM:00/LNXPWRBN:00/input/input0
[   11.703421] ACPI: Power Button [PWRF]
[   11.729557] input: Sleep Button as /devices/LNXSYSTM:00/LNXSLPBN:00/input/input1
[   11.797319] ACPI: Sleep Button [SLPF]
[   11.797869] GHES: HEST is not enabled!
[   11.798379] Serial: 8250/16550 driver, 32 ports, IRQ sharing enabled
[   11.820311] 00:02: ttyS0 at I/O 0x3f8 (irq = 4, base_baud = 115200) is a 16550A
[   11.833166] tsc: Refined TSC clocksource calibration: 4200.581 MHz
[   11.833817] clocksource: tsc: mask: 0xffffffffffffffff max_cycles: 0x3c8c85ebfdf, max_idle_ns: 440795320544 ns
[   12.154278] Linux agpgart interface v0.103
[   12.284447] loop: module loaded
[   12.333855] scsi host0: ata_piix
[   12.336013] scsi host1: ata_piix
[   12.337725] ata1: PATA max UDMA/33 cmd 0x1f0 ctl 0x3f6 bmdma 0xd000 irq 14
[   12.338428] ata2: PATA max UDMA/33 cmd 0x170 ctl 0x376 bmdma 0xd008 irq 15
[   12.348060] libphy: Fixed MDIO Bus: probed
[   12.374221] tun: Universal TUN/TAP device driver, 1.6
[   12.374784] tun: (C) 1999-2004 Max Krasnyansky <maxk@qualcomm.com>
[   12.427573] PPP generic driver version 2.4.2
[   12.428105] ehci_hcd: USB 2.0 'Enhanced' Host Controller (EHCI) Driver
[   12.428778] ehci-pci: EHCI PCI platform driver
[   12.429289] ehci-platform: EHCI generic platform driver
[   12.429860] ohci_hcd: USB 1.1 'Open' Host Controller (OHCI) Driver
[   12.431991] ohci-pci: OHCI PCI platform driver
[   12.432507] ohci-platform: OHCI generic platform driver
[   12.433077] uhci_hcd: USB Universal Host Controller Interface driver
[   12.434967] i8042: PNP: PS/2 Controller [PNP0303:PS2K,PNP0f03:PS2M] at 0x60,0x64 irq 1,12
[   12.437726] serio: i8042 KBD port at 0x60,0x64 irq 1
[   12.438333] serio: i8042 AUX port at 0x60,0x64 irq 12
[   12.438939] mousedev: PS/2 mouse device common for all mice
[   12.439699] input: AT Translated Set 2 keyboard as /devices/platform/i8042/serio0/input/input2
[   12.440885] rtc_cmos rtc_cmos: rtc core: registered rtc_cmos as rtc0
[   12.441570] rtc_cmos rtc_cmos: alarms up to one day, 114 bytes nvram
[   12.442228] i2c /dev entries driver
[   12.442688] device-mapper: uevent: version 1.0.3
[   12.444905] device-mapper: ioctl: 4.34.0-ioctl (2015-10-28) initialised: dm-devel@redhat.com
[   12.445866] ledtrig-cpu: registered to indicate activity on CPUs
[   12.505759] NET: Registered protocol family 10
[   12.506352] NET: Registered protocol family 17
[   12.506869] Key type dns_resolver registered
[   12.507461] microcode: CPU0 sig=0x906e9, pf=0x8, revision=0x0
[   12.508095] microcode: Microcode Update Driver: v2.01 <tigran@aivazian.fsnet.co.uk>, Peter Oruba
[   12.509127] registered taskstats version 1
[   12.509620] Loading compiled-in X.509 certificates
[   12.510526] Loaded X.509 cert 'Build time autogenerated kernel key: 779fd75203f0d36b99b83c7328fac831ec7adf9e'
[   12.520672] zswap: loaded using pool lzo/zbud
[   12.536498] Key type trusted registered
[   12.538078] Key type encrypted registered
[   12.541238] AppArmor: AppArmor sha1 policy hashing enabled
[   12.541829] ima: No TPM chip found, activating TPM-bypass!
[   12.542425] evm: HMAC attrs: 0x1
[   12.543026]   Magic number: 5:196:988
[   12.543518] rtc_cmos rtc_cmos: setting system clock to 2017-06-05 13:58:40 UTC (1496671120)
[   12.544480] BIOS EDD facility v0.16 2004-Jun-25, 0 devices found
[   12.545106] EDD information not available.
[   12.547320] Freeing unused kernel memory: 1484K (ffffffff81f45000 - ffffffff820b8000)
[   12.721284] Write protecting the kernel read-only data: 14336k
[   12.724666] Freeing unused kernel memory: 1760K (ffff880001848000 - ffff880001a00000)
[   12.725697] Freeing unused kernel memory: 112K (ffff880001de4000 - ffff880001e00000)
Loading, please wait...
starting version 229
[   12.743878] random: udevadm: uninitialized urandom read (16 bytes read, 3 bits of entropy available)
[   12.754125] random: systemd-udevd: uninitialized urandom read (16 bytes read, 3 bits of entropy available)
[   12.757723] random: systemd-udevd: uninitialized urandom read (16 bytes read, 3 bits of entropy available)
[   12.758757] random: systemd-udevd: uninitialized urandom read (16 bytes read, 3 bits of entropy available)
[   12.762889] random: systemd-udevd: uninitialized urandom read (16 bytes read, 3 bits of entropy available)
[   12.765920] random: udevadm: uninitialized urandom read (16 bytes read, 3 bits of entropy available)
[   12.766959] random: udevadm: uninitialized urandom read (16 bytes read, 3 bits of entropy available)
[   12.775653] random: udevadm: uninitialized urandom read (16 bytes read, 3 bits of entropy available)
[   12.776673] random: udevadm: uninitialized urandom read (16 bytes read, 3 bits of entropy available)
[   12.918868] random: udevadm: uninitialized urandom read (16 bytes read, 3 bits of entropy available)
[   12.937415] e1000: Intel(R) PRO/1000 Network Driver - version 7.3.21-k8-NAPI
[   12.981578] e1000: Copyright (c) 1999-2006 Intel Corporation.
[   12.989159] Fusion MPT base driver 3.04.20
[   13.112606] Copyright (c) 1999-2008 LSI Corporation
[   13.275897] AVX version of gcm_enc/dec engaged.
[   13.417418] AES CTR mode by8 optimization enabled
[   13.539781] input: ImExPS/2 Generic Explorer Mouse as /devices/platform/i8042/serio1/input/input4
[   13.655897] Fusion MPT SPI Host driver 3.04.20
[   13.977527] e1000 0000:00:03.0 eth0: (PCI:33MHz:32-bit) 02:a6:9f:cf:fa:b5
[   14.178776] e1000 0000:00:03.0 eth0: Intel(R) PRO/1000 Network Connection
[   14.399866] mptbase: ioc0: Initiating bringup
[   14.571067] ioc0: LSI53C1030 A0: Capabilities={Initiator}
[   14.839874] scsi host2: ioc0: LSI53C1030 A0, FwRev=00000000h, Ports=1, MaxQ=256, IRQ=20
[   15.218476] scsi 2:0:0:0: Direct-Access     VBOX     HARDDISK         1.0  PQ: 0 ANSI: 5
[   15.486192] scsi target2:0:0: Beginning Domain Validation
[   15.704492] scsi target2:0:0: Domain Validation skipping write tests
[   15.729983] scsi target2:0:0: Ending Domain Validation
[   15.767424] scsi target2:0:0: asynchronous
[   16.055289] scsi 2:0:1:0: Direct-Access     VBOX     HARDDISK         1.0  PQ: 0 ANSI: 5
[   16.348720] scsi target2:0:1: Beginning Domain Validation
[   16.517553] scsi target2:0:1: Domain Validation skipping write tests
[   16.521478] scsi target2:0:1: Ending Domain Validation
[   16.522060] scsi target2:0:1: asynchronous
[   16.524100] sd 2:0:0:0: Attached scsi generic sg0 type 0
[   16.524689] sd 2:0:0:0: [sda] 20971520 512-byte logical blocks: (10.7 GB/10.0 GiB)
[   16.525734] sd 2:0:1:0: [sdb] 20480 512-byte logical blocks: (10.5 MB/10.0 MiB)
[   16.526713] sd 2:0:1:0: Attached scsi generic sg1 type 0
[   16.532128] sd 2:0:1:0: [sdb] Write Protect is off
[   16.690620] sd 2:0:0:0: [sda] Write Protect is off
[   16.726107] floppy0: no floppy controllers found
[   16.775662] sd 2:0:0:0: [sda] Incomplete mode parameter data
[   16.779135] sd 2:0:0:0: [sda] Assuming drive cache: write through
[   16.794856] e1000 0000:00:08.0 eth1: (PCI:33MHz:32-bit) 08:00:27:8f:b7:27
[   16.803308] e1000 0000:00:08.0 eth1: Intel(R) PRO/1000 Network Connection
[   16.810314] e1000 0000:00:08.0 enp0s8: renamed from eth1
[   16.811672] e1000 0000:00:03.0 enp0s3: renamed from eth0
[   16.813414] sd 2:0:1:0: [sdb] Incomplete mode parameter data
[   16.815153] sd 2:0:1:0: [sdb] Assuming drive cache: write through
[   16.815802]  sda: sda1
[   16.816522] sd 2:0:0:0: [sda] Attached SCSI disk
[   16.818397] sd 2:0:1:0: [sdb] Attached SCSI disk
Begin: Loading e[   18.013568] md: linear personality registered for level -1
ssential drivers[   18.207744] md: multipath personality registered for level -4
 ... [   18.374112] md: raid0 personality registered for level 0
[   18.559403] md: raid1 personality registered for level 1
[   18.770933] raid6: sse2x1   gen() 12543 MB/s
[   18.907297] raid6: sse2x1   xor()  7974 MB/s
[   19.107312] raid6: sse2x2   gen() 15234 MB/s
[   19.314866] raid6: sse2x2   xor() 10439 MB/s
[   19.514900] raid6: sse2x4   gen() 17318 MB/s
[   19.698878] raid6: sse2x4   xor() 11463 MB/s
[   19.827494] raid6: using algorithm sse2x4 gen() 17318 MB/s
[   19.968918] raid6: .... xor() 11463 MB/s, rmw enabled
[   20.136859] raid6: using ssse3x2 recovery algorithm
[   20.284670] xor: automatically using best checksumming function:
[   20.499046]    avx       : 27667.000 MB/sec
[   20.615029] async_tx: api initialized (async)
[   20.733760] md: raid6 personality registered for level 6
[   20.842795] md: raid5 personality registered for level 5
[   20.844876] md: raid4 personality registered for level 4
[   20.848180] md: raid10 personality registered for level 10
done.
Begin: Running[   20.895132] Btrfs loaded
 /scripts/init-premount ... done[   20.933307] EXT4-fs (sda1): mounted filesystem with ordered data mode. Opts: (null)
.
Begin: Mounting root file system ... Begin: Running /scripts/local-top ... done.
Begin: Running /scripts/local-premount ... Scanning for Btrfs filesystems
done.
Warning: fsck not present, so skipping root file system
done.
Begin: Running /scripts/local-bottom ... done.
Begin: Running /scripts/init-bottom ... done.
[   20.995725] systemd[1]: systemd 229 running in system mode. (+PAM +AUDIT +SELINUX +IMA +APPARMOR +SMACK +SYSVINIT +UTMP +LIBCRYPTSETUP +GCRYPT +GNUTLS +ACL +XZ -LZ4 +SECCOMP +BLKID +ELFUTILS +KMOD -IDN)
[   20.999320] systemd[1]: Detected virtualization oracle.
[   21.169291] systemd[1]: Detected architecture x86-64.

Welcome to [1mUbuntu 16.04.2 LTS[0m!

[   21.371386] systemd[1]: Set hostname to <ubuntu>.
[   21.527728] systemd[1]: Initializing machine ID from random generator.
[   21.726591] systemd[1]: Installed transient /etc/machine-id file.
[   21.976551] systemd[1]: Reached target User and Group Name Lookups.
[[0;32m  OK  [0m] Reached target User and Group Name Lookups.
[   21.979131] systemd[1]: Listening on Syslog Socket.
[[0;32m  OK  [0m] Listening on Syslog Socket.
[   21.981374] systemd[1]: Started Trigger resolvconf update for networkd DNS.
[[0;32m  OK  [0m] Started Trigger resolvconf update for networkd DNS.
[   21.982908] systemd[1]: Reached target Encrypted Volumes.
[[0;32m  OK  [0m] Reached target Encrypted Volumes.
[   21.986154] systemd[1]: Listening on Journal Socket (/dev/log).
[[0;32m  OK  [0m] Listening on Journal Socket (/dev/log).
[   22.111042] systemd[1]: Listening on /dev/initctl Compatibility Named Pipe.
[[0;32m  OK  [0m] Listening on /dev/initctl Compatibility Named Pipe.
[   22.338758] systemd[1]: Listening on LVM2 poll daemon socket.
[[0;32m  OK  [0m] Listening on LVM2 poll daemon socket.
[   22.452016] systemd[1]: Listening on LVM2 metadata daemon socket.
[[0;32m  OK  [0m] Listening on LVM2 metadata daemon socket.
[   22.470923] systemd[1]: Listening on Device-mapper event daemon FIFOs.
[[0;32m  OK  [0m] Listening on Device-mapper event daemon FIFOs.
[   22.477560] systemd[1]: Created slice User and Session Slice.
[[0;32m  OK  [0m] Created slice User and Session Slice.
[   22.487265] systemd[1]: Set up automount Arbitrary Executable File Formats File System Automount Point.
[[0;32m  OK  [0m] Set up automount Arbitrary Executab...ats File System Automount Point.
[   22.489214] systemd[1]: Listening on udev Kernel Socket.
[[0;32m  OK  [0m] Listening on udev Kernel Socket.
[   22.490540] systemd[1]: Listening on Journal Audit Socket.
[[0;32m  OK  [0m] Listening on Journal Audit Socket.
[   22.491887] systemd[1]: Listening on udev Control Socket.
[[0;32m  OK  [0m] Listening on udev Control Socket.
[   22.493200] systemd[1]: Started Forward Password Requests to Wall Directory Watch.
[[0;32m  OK  [0m] Started Forward Password Requests to Wall Directory Watch.
[   22.627100] systemd[1]: Listening on Journal Socket.
[[0;32m  OK  [0m] Listening on Journal Socket.
[   22.779558] systemd[1]: Created slice System Slice.
[[0;32m  OK  [0m] Created slice System Slice.
[   22.987552] systemd[1]: Starting Nameserver information manager...
         Starting Nameserver information manager...
[   23.227102] systemd[1]: Created slice system-serial\x2dgetty.slice.
[[0;32m  OK  [0m] Created slice system-serial\x2dgetty.slice.
[   23.471246] systemd[1]: Starting Remount Root and Kernel File Systems...
         [   23.682217] random: nonblocking pool is initialized
Starting Remount Root and Kernel File Systems...
[   23.753712] systemd[1]: Reached target Slices.
[[0;32m  OK  [0m] Reached target Slices.
[   23.755613] systemd[1]: Starting Create list of required static device nodes for the current kernel...
         Starting Create list of required st... nodes for the current kernel...[   23.757826] EXT4-fs (sda1): re-mounted. Opts: (null)

[   23.760002] systemd[1]: Starting Load Kernel Modules...
         [   23.769026] Loading iSCSI transport class v2.0-870.
Starting Load Ke[   23.941407] iscsi: registered transport (tcp)
rnel Modules...
[   23.991341] iscsi: registered transport (iser)
[   23.992318] systemd[1]: Starting Monitoring of LVM2 mirrors, snapshots etc. using dmeventd or progress polling...
         Starting Monitoring of LVM2 mirrors... dmeventd or progress polling...
[   23.995415] systemd[1]: Mounting Debug File System...
         Mounting Debug File System...
[   23.996795] systemd[1]: Starting Uncomplicated firewall...
         Starting Uncomplicated firewall...
[   24.010119] systemd[1]: Starting Journal Service...
         Starting Journal Service...
[   24.023701] systemd[1]: Starting Set console keymap...
         Starting Set console keymap...
[   24.187251] systemd[1]: Mounting POSIX Message Queue File System...
         Mounting POSIX Message Queue File System...
[   24.403422] systemd[1]: Mounting Huge Pages File System...
         Mounting Huge Pages File System...
[   24.644693] systemd[1]: Reached target Swap.
[[0;32m  OK  [0m] Reached target Swap.
[   24.709176] systemd[1]: Mounted POSIX Message Queue File System.
[[0;32m  OK  [0m] Mounted POSIX Message Queue File System.
[   24.778971] systemd[1]: Mounted Huge Pages File System.
[[0;32m  OK  [0m] Mounted Huge Pages File System.
[   24.954948] systemd[1]: Mounted Debug File System.
[[0;32m  OK  [0m] Mounted Debug File System.
[   25.083034] systemd[1]: Started Journal Service.
[[0;32m  OK  [0m] Started Journal Service.
[[0;32m  OK  [0m] Started Remount Root and Kernel File Systems.
[[0;32m  OK  [0m] Started Create list of required sta...ce nodes for the current kernel.
[[0;32m  OK  [0m] Started Load Kernel Modules.
[[0;32m  OK  [0m] Started Uncomplicated firewall.
[[0;32m  OK  [0m] Started Set console keymap.
[[0;32m  OK  [0m] Started Nameserver information manager.
[[0;32m  OK  [0m] Started LVM2 metadata daemon.
         Starting Apply Kernel Variables...
         Mounting FUSE Control File System...
         Starting Create Static Device Nodes in /dev...
         Starting Load/Save Random Seed...
         Starting Initial cloud-init job (pre-networking)...
         Starting udev Coldplug all Devices...
         Starting Flush Journal to Persistent Storage...
[[0;32m  OK  [0m] Mounted FUSE Control File System.
[[0;32m  OK  [0m] Started Apply Kernel Variables.
[[0;32m  OK  [0m] Started Create Static Device Nodes in /dev.
[[0;32m  OK  [0m] Started Load/Save Random Seed.
         Starting udev Kernel Device Manager...
[[0;32m  OK  [0m] Started Flush Journal to Persistent Storage.
[[0;32m  OK  [0m] Started udev Coldplug all Devices.
[[0;32m  OK  [0m] Started udev Kernel Device Manager.
[[0;32m  OK  [0m] Started Dispatch Password Requests to Console Directory Watch.
[[0;32m  OK  [0m] Found device /dev/ttyS0.
[[0;32m  OK  [0m] Started Monitoring of LVM2 mirrors,...ng dmeventd or progress polling.
[[0;32m  OK  [0m] Reached target Local File Systems (Pre).
[[0;32m  OK  [0m] Reached target Local File Systems.
         Starting Tell Plymouth To Write Out Runtime Data...
         Starting Commit a transient machine-id on disk...
         Starting Set console font and keymap...
         Starting Create Volatile Files and Directories...
         Starting LSB: AppArmor initialization...
[[0;32m  OK  [0m] Started Tell Plymouth To Write Out Runtime Data.
[[0;32m  OK  [0m] Started Commit a transient machine-id on disk.
[[0;32m  OK  [0m] Started Create Volatile Files and Directories.
[[0;32m  OK  [0m] Reached target System Time Synchronized.
         Starting Update UTMP about System Boot/Shutdown...
[[0;32m  OK  [0m] Started Update UTMP about System Boot/Shutdown.
[[0;32m  OK  [0m] Listening on Load/Save RF Kill Switch Status /dev/rfkill Watch.
[   17.592597] cloud-init[465]: Cloud-init v. 0.7.9 running 'init-local' at Mon, 05 Jun 2017 13:58:54 +0000. Up 17.27 seconds.
[[0;32m  OK  [0m] Started Initial cloud-init job (pre-networking).
[[0;32m  OK  [0m] Started Set console font and keymap.
[[0;32m  OK  [0m] Started LSB: AppArmor initialization.
[[0;32m  OK  [0m] Created slice system-getty.slice.
[[0;32m  OK  [0m] Reached target Network (Pre).
         Starting Raise network interfaces...
[[0;32m  OK  [0m] Started Raise network interfaces.
         Starting Initial cloud-init job (metadata service crawler)...
[[0;32m  OK  [0m] Reached target Network.
[   23.778623] cloud-init[951]: Cloud-init v. 0.7.9 running 'init' at Mon, 05 Jun 2017 13:59:00 +0000. Up 23.34 seconds.
[   23.876263] cloud-init[951]: ci-info: ++++++++++++++++++++++++++++++++++++++Net device info++++++++++++++++++++++++++++++++++++++
[[   23.988614] cloud-init[951]: ci-info: +--------+-------+----------------------------+---------------+-------+-------------------+
[   23.989422] cloud-init[951]: ci-info: | Device |   Up  |          Address           |      Mask     | Scope |     Hw-Address    |
[   23.989688] cloud-init[951]: ci-info: +--------+-------+----------------------------+---------------+-------+-------------------+
[   23.989882] cloud-init[951]: ci-info: | enp0s8 | False |             .              |       .       |   .   | 08:00:27:8f:b7:27 |
[   23.990181] cloud-init[951]: ci-info: | enp0s3 |  True |         10.0.2.15          | 255.255.255.0 |   .   | 02:a6:9f:cf:fa:b5 |
[   23.990376] cloud-init[951]: ci-info: | enp0s3 |  True | fe80::a6:9fff:fecf:fab5/64 |       .       |  link | 02:a6:9f:cf:fa:b5 |
[   23.990622] cloud-init[951]: ci-info: |   lo   |  True |         127.0.0.1          |   255.0.0.0   |   .   |         .         |
[   23.990820] cloud-init[951]: ci-info: |   lo   |  True |          ::1/128           |       .       |  host |         .         |
[   23.991058] cloud-init[951]: ci-info: +--------+-------+----------------------------+---------------+-------+-------------------+
[   23.991254] cloud-init[951]: ci-info: +++++++++++++++++++++++++++Route IPv4 info++++++++++++++++++++++++++++
[   23.991449] cloud-init[951]: ci-info: +-------+-------------+----------+---------------+-----------+-------+
[   23.991713] cloud-init[951]: ci-info: | Route | Destination | Gateway  |    Genmask    | Interface | Flags |
[   23.991903] cloud-init[951]: ci-info: +-------+-------------+----------+---------------+-----------+-------+
[0;32m  OK  [0m] Started Initial cloud-init job (metadata service crawler).
[[0;32m  OK  [0m] Reached target System Initialization.
[[0;32m  OK  [0m] Listening on ACPID Listen Socket.
[   23.992257] cloud-init[951]: ci-info: |   0   |   0.0.0.0   | 10.0.2.2 |    0.0.0.0    |   enp0s3  |   UG  |
[   25.176254] cloud-init[951]: ci-info: |   1   |   10.0.2.0  | 0.0.0.0  | 255.255.255.0 |   enp0s3  |   U   |
[   25.176274] cloud-init[951]: ci-info: +-------+-------------+----------+---------------+-----------+-------+
[   25.176316] cloud-init[951]: Generating public/private rsa key pair.
[   25.176336] cloud-init[951]: Your identification has been saved in /etc/ssh/ssh_host_rsa_key.
[   25.176353] cloud-init[951]: Your public key has been saved in /etc/ssh/ssh_host_rsa_key.pub.
[   25.176369] cloud-init[951]: The key fingerprint is:
[   25.176386] cloud-init[951]: SHA256:iXCQN/iiUGzseoshm7xNVm3jnOItNZ3N06HoFt5RjHA root@ubuntu-xenial
[   25.176402] cloud-init[951]: The key's randomart image is:
[   25.176419] cloud-init[951]: +---[RSA 2048]----+
[   25.176438] cloud-init[951]: | o  .o           |
[   25.176454] cloud-init[951]: |  = o.o  . E     |
[   25.176471] cloud-init[951]: | +  .o..  o o    |
[   25.176487] cloud-init[951]: |. . .oo. . . +   |
[   25.176504] cloud-init[951]: | o . o.+S = + .  |
[   25.176520] cloud-init[951]: |+ o . +oo= * .   |
[   25.176536] cloud-init[951]: |o* + ..++ o o    |
[   25.176552] cloud-init[951]: |+.= ..o  + .     |
[   25.176577] cloud-init[951]: | ... ....        |
[   25.176596] cloud-init[951]: +----[SHA256]-----+
[   25.176612] cloud-init[951]: Generating public/private dsa key pair.
[   25.176630] cloud-init[951]: Your identification has been saved in /etc/ssh/ssh_host_dsa_key.
[   25.176646] cloud-init[951]: Your public key has been saved in /etc/ssh/ssh_host_dsa_key.pub.
[   25.176662] cloud-init[951]: The key fingerprint is:
[   25.176678] cloud-init[951]: SHA256:qDwkvv2JP8fvnUMBYHK9yVn39db8Y5Z0YCszckWz7h0 root@ubuntu-xenial
[   25.176694] cloud-init[951]: The key's randomart image is:
[   25.176710] cloud-init[951]: +---[DSA 1024]----+
[   25.176726] cloud-init[951]: |      . +o   .o  |
[   25.176742] cloud-init[951]: |       +  o . =o.|
[   25.176758] cloud-init[951]: |         . * +.=+|
[   25.176774] cloud-init[951]: |       .  * *...B|
[   25.176790] cloud-init[951]: |  . . . S  o =oE+|
[   25.176807] cloud-init[951]: | . + .      .. *o|
[   25.176823] cloud-init[951]: |  . +  .   .  + o|
[   25.176839] cloud-init[951]: |   o o..o  ...   |
[   25.176855] cloud-init[951]: |  . oo+o oo o.   |
[   25.176871] cloud-init[951]: +----[SHA256]-----+
[   25.176887] cloud-init[951]: Generating public/private ecdsa key pair.
[   25.176903] cloud-init[951]: Your identification has been saved in /etc/ssh/ssh_host_ecdsa_key.
[   25.176919] cloud-init[951]: Your public key has been saved in /etc/ssh/ssh_host_ecdsa_key.pub.
[   25.176936] cloud-init[951]: The key fingerprint is:
[   25.176952] cloud-init[951]: SHA256:yn1xEknQ+2qV5Y9E/Nx2GdmdskIsJ1/iWXJrWOc1qpU root@ubuntu-xenial
[   25.176968] cloud-init[951]: The key's randomart image is:
[   25.176984] cloud-init[951]: +---[ECDSA 256]---+
[   25.177001] cloud-init[951]: |        .o.      |
[   25.177016] cloud-init[951]: |         ...     |
[   25.177032] cloud-init[951]: |          +. .  =|
[   25.177047] cloud-init[951]: |         o.B *+*+|
[   25.177063] cloud-init[951]: |        S X.@=Oo*|
[   25.177079] cloud-init[951]: |     . o   X+Eoo*|
[   25.177105] cloud-init[951]: |      o . .o=. +.|
[   25.177122] cloud-init[951]: |         .o.  . .|
[   25.177139] cloud-init[951]: |         .       |
[   25.177155] cloud-init[951]: +----[SHA256]-----+
[   25.177171] cloud-init[951]: Generating public/private ed25519 key pair.
[   25.177187] cloud-init[951]: Your identification has been saved in /etc/ssh/ssh_host_ed25519_key.
[   25.177203] cloud-init[951]: Your public key has been saved in /etc/ssh/ssh_host_ed25519_key.pub.
[   25.177219] cloud-init[951]: The key fingerprint is:
[   25.177234] cloud-init[951]: SHA256:K8lB8f2FbojhCBOuo4ZyZTHOI+yb0mQYdeLOAnQJzQ8 root@ubuntu-xenial
[   25.177250] cloud-init[951]: The key's randomart image is:
[   25.177266] cloud-init[951]: +--[ED25519 256]--+
[   26.905219] cloud-init[951]: | .+ o .          |
[   26.905244] cloud-init[951]: | .oE.. o .   .   |
[   26.905260] cloud-init[951]: |.o.oO . o . . .  |
[   26.905282] cloud-init[951]: |o..+ B o o + .   |
[   26.905298] cloud-init[951]: |.== * o S . +    |
[   26.905315] cloud-init[951]: |+o== o o . .     |
[   26.905330] cloud-init[951]: |+*o   + .        |
[   26.905346] cloud-init[951]: |+..o   .         |
[   26.905471] cloud-init[951]: | .o              |
[   26.905490] cloud-init[951]: +----[SHA256]-----+
[[0;32m  OK  [0m] Started Daily apt activities.
[[0;32m  OK  [0m] Started ACPI Events Check.
[[0;32m  OK  [0m] Reached target Paths.
[[0;32m  OK  [0m] Listening on UUID daemon activation socket.
[[0;32m  OK  [0m] Started Daily Cleanup of Temporary Directories.
         Starting Socket activation for snappy daemon.
         Starting LXD - unix socket.
[[0;32m  OK  [0m] Listening on D-Bus System Message Bus Socket.
[[0;32m  OK  [0m] Started Timer to automatically refresh installed snaps.
[[0;32m  OK  [0m] Reached target Timers.
[[0;32m  OK  [0m] Reached target Network is Online.
         Starting iSCSI initiator daemon (iscsid)...
[[0;32m  OK  [0m] Reached target Cloud-config availability.
[[0;32m  OK  [0m] Listening on Socket activation for snappy daemon.
[[0;32m  OK  [0m] Listening on LXD - unix socket.
[[0;32m  OK  [0m] Reached target Sockets.
[[0;32m  OK  [0m] Reached target Basic System.
[[0;32m  OK  [0m] Started D-Bus System Message Bus.
         Starting Apply the settings specified in cloud-config...
         Starting Accounts Service...
         Starting LSB: MD monitoring daemon...
[[0;32m  OK  [0m] Started Unattended Upgrades Shutdown.
         Starting LXD - container startup/shutdown...
[[0;32m  OK  [0m] Started ACPI event daemon.
         Starting Pollinate to seed the pseudo random number generator...
[[0;32m  OK  [0m] Started Regular background program processing daemon.
         Starting LSB: Record successful boot for GRUB...
[[0;32m  OK  [0m] Started FUSE filesystem for LXC.
         Starting System Logging Service...
[[0;32m  OK  [0m] Started Deferred execution scheduler.
         Starting /etc/rc.local Compatibility...
         Starting Login Service...
[[0;32m  OK  [0m] Started Snappy daemon.
         Starting Auto import assertions from block devices...
[[0;32m  OK  [0m] Started System Logging Service.
[[0;32m  OK  [0m] Started iSCSI initiator daemon (iscsid).
[[0;32m  OK  [0m] Started LXD - container startup/shutdown.
[[0;32m  OK  [0m] Started /etc/rc.local Compatibility.
[[0;32m  OK  [0m] Started Auto import assertions from block devices.
[[0;32m  OK  [0m] Started LSB: MD monitoring daemon.
[[0;32m  OK  [0m] Started LSB: Record successful boot for GRUB.
         Starting Authenticate and Authorize Users to Run Privileged Tasks...
         Starting Login to default iSCSI targets...
[[0;32m  OK  [0m] Started Login Service.
[[0;32m  OK  [0m] Started Authenticate and Authorize Users to Run Privileged Tasks.
[[0;32m  OK  [0m] Started Accounts Service.
[[0;32m  OK  [0m] Started Login to default iSCSI targets.
[[0;32m  OK  [0m] Reached target Remote File Systems (Pre).
[[0;32m  OK  [0m] Reached target Remote File Systems.
         Starting Permit User Sessions...
         Starting LSB: automatic crash report generation...
         Starting LSB: VirtualBox Linux Additions...
         Starting LSB: Set the CPU Frequency Scaling governor to "ondemand"...
         Starting LSB: daemon to balance interrupts for SMP systems...
[[0;32m  OK  [0m] Started Pollinate to seed the pseudo random number generator.
[[0;32m  OK  [0m] Started Permit User Sessions.
[   27.865174] cloud-init[1053]: Generating locales (this might take a while)...
         Starting Terminate Plymouth Boot Screen...
         Starting Hold until boot process finishes up...
         Starting OpenBSD Secure Shell server...
[[0;32m  OK  [0m] Started LSB: automatic crash report generation.
[[0;32m  OK  [0m] Started LSB: VirtualBox Linux Additions.
[[0;32m  OK  [0m] Started LSB: Set the CPU Frequency Scaling governor to "ondemand".
[[0;32m  OK  [0m] Started Terminate Plymouth Boot Screen.
[[0;32m  OK  [0m] Started Hold until boot process finishes up.
[[0;32m  OK  [0m] Started OpenBSD Secure Shell server.
         Starting Set console scheme...
[[0;32m  OK  [0m] Started Serial Getty on ttyS0.
[[0;32m  OK  [0m] Started Getty on tty1.
[[0;32m  OK  [0m] Reached target Login Prompts.
[[0;32m  OK  [0m] Started LSB: daemon to balance interrupts for SMP systems.
[[0;32m  OK  [0m] Started Set console scheme.
[[0;32m  OK  [0m] Reached target Multi-User System.
[[0;32m  OK  [0m] Reached target Graphical Interface.
         Starting Update UTMP about System Runlevel Changes...
[[0;32m  OK  [0m] Started Update UTMP about System Runlevel Changes.
[   28.877531] cloud-init[1053]:   en_US.UTF-8... done
[   28.881630] cloud-init[1053]: Generation complete.
         Stopping OpenBSD Secure Shell server...
[[0;32m  OK  [0m] Stopped OpenBSD Secure Shell server.
         Starting OpenBSD Secure Shell server...
[[0;32m  OK  [0m] Started OpenBSD Secure Shell server.
[   29.088137] cloud-init[1053]: Cloud-init v. 0.7.9 running 'modules:config' at Mon, 05 Jun 2017 13:59:04 +0000. Up 27.75 seconds.
[[0;32m  OK  [0m] Started Apply the settings specified in cloud-config.
         Starting Execute cloud user/final scripts...
ci-info: no authorized ssh keys fingerprints found for user ubuntu.
<14>Jun  5 13:59:06 ec2: 
<14>Jun  5 13:59:06 ec2: #############################################################
<14>Jun  5 13:59:06 ec2: -----BEGIN SSH HOST KEY FINGERPRINTS-----
<14>Jun  5 13:59:06 ec2: 1024 SHA256:qDwkvv2JP8fvnUMBYHK9yVn39db8Y5Z0YCszckWz7h0 root@ubuntu-xenial (DSA)
<14>Jun  5 13:59:06 ec2: 256 SHA256:yn1xEknQ+2qV5Y9E/Nx2GdmdskIsJ1/iWXJrWOc1qpU root@ubuntu-xenial (ECDSA)
<14>Jun  5 13:59:06 ec2: 256 SHA256:K8lB8f2FbojhCBOuo4ZyZTHOI+yb0mQYdeLOAnQJzQ8 root@ubuntu-xenial (ED25519)
<14>Jun  5 13:59:06 ec2: 2048 SHA256:iXCQN/iiUGzseoshm7xNVm3jnOItNZ3N06HoFt5RjHA root@ubuntu-xenial (RSA)
<14>Jun  5 13:59:06 ec2: -----END SSH HOST KEY FINGERPRINTS-----
<14>Jun  5 13:59:06 ec2: #############################################################
-----BEGIN SSH HOST KEY KEYS-----
ecdsa-sha2-nistp256 AAAAE2VjZHNhLXNoYTItbmlzdHAyNTYAAAAIbmlzdHAyNTYAAABBBIpGDxoDFk4Y5tioag0wUQcDWwHTN9Sdzr4McmrwvMPpLeku9jwIxVcF11l2u1leWdAvy7FDf+aXQa3j1q0XE4s= root@ubuntu-xenial
ssh-ed25519 AAAAC3NzaC1lZDI1NTE5AAAAIOYxC+IDXeWk1V8xtm4jYxBLxMP+kCB8PCsnaMgdrFML root@ubuntu-xenial
ssh-rsa AAAAB3NzaC1yc2EAAAADAQABAAABAQDNC1xQ4kgtfwRZYLWSHpN572S4V+NvZuU496EfkkCtB+SZPOQUy6ExopEF4Dc3mOlGRv6i3KFioJbKq7k5vI9N+OBnujTYfb9FIseAySI3QksZrvjScduV6+LDt8Tty6sAdkWUrszZcsKyGCdMKYC5X39mQuuaIOP0uKRuF9i/QAY7qNxnIvrUwb44d8LwoxU6ehH8hcFJAJYeWBfFD1yhoUidNmwbwNuDb80CrwzBSPjvkQIUXBggs0QzgtfqpAq/6kp0hNzIqo3HmqvdMrHMbH+s6XMBnhL1jySSELbKO/yX9aCoX9R9+LUb1Nf4YZx1xzciek6vsom1lrrdqFNv root@ubuntu-xenial
-----END SSH HOST KEY KEYS-----
[   30.498062] cloud-init[1320]: Cloud-init v. 0.7.9 running 'modules:final' at Mon, 05 Jun 2017 13:59:06 +0000. Up 29.27 seconds.
[   30.580741] cloud-init[1320]: ci-info: no authorized ssh keys fingerprints found for user ubuntu.
[[0;32m  OK  [0m] Started Execute cloud user/final scripts.
[[0;32m  OK  [0m] Reached target Cloud-init target.
[   30.661896] cloud-init[1320]: Cloud-init v. 0.7.9 finished at Mon, 05 Jun 2017 13:59:07 +0000. Datasource DataSourceNoCloud [seed=/dev/sdb][dsmode=net].  Up 30.49 seconds

Ubuntu 16.04.2 LTS ubuntu-xenial ttyS0

ubuntu-xenial login:          Stopping Usera[[0;32m  OK  [0m] Unmounted /var/lib/lxcfs.
[[0;32m  OK  [0m] Stopped Accounts Service.
[[0;32m  OK  [0m] Stopped ACPI event daemon.
[[0;32m  OK  [0m] Stopped Regular background program processing daemon.
[[0;32m  OK  [0m] Stopped System Logging Service.
[[0;32m  OK  [0m] Stopped Deferred execution scheduler.
[[0;32m  OK  [0m] Stopped Snappy daemon.
[[0;32m  OK  [0m] Stopped Authenticate and Authorize Users to Run Privileged Tasks.
[[0;32m  OK  [0m] Stopped Serial Getty on ttyS0.
[[0;32m  OK  [0m] Stopped Getty on tty1.
[[0;32m  OK  [0m] Stopped OpenBSD Secure Shell server.
[[0;32m  OK  [0m] Stopped High-performance, schema-free document-oriented database.
[[0;32m  OK  [0m] Stopped The PHP 5.6 FastCGI Process Manager.
[[0;32m  OK  [0m] Stopped User Manager for UID 1000.
[[0;32m  OK  [0m] Stopped D-Bus System Message Bus.
[[0;32m  OK  [0m] Stopped Unattended Upgrades Shutdown.
[[0;32m  OK  [0m] Stopped Session 3 of user ubuntu.
[[0;32m  OK  [0m] Stopped Session 4 of user ubuntu.
[[0;32m  OK  [0m] Stopped FUSE filesystem for LXC.
[[0;32m  OK  [0m] Stopped Advanced key-value store.
[[0;32m  OK  [0m] Stopped LSB: VirtualBox Linux Additions.
[[0;32m  OK  [0m] Stopped LSB: Set the CPU Frequency Scaling governor to "ondemand".
[[0;32m  OK  [0m] Stopped LSB: automatic crash report generation.
[[0;32m  OK  [0m] Stopped LSB: Stop/start nginx.
[[0;32m  OK  [0m] Stopped LSB: Start NTP daemon.
[[0;32m  OK  [0m] Stopped LSB: MD monitoring daemon.
[[0;32m  OK  [0m] Stopped LXD - container startup/shutdown.
[[0;32m  OK  [0m] Stopped LSB: daemon to balance interrupts for SMP systems.
[[0;32m  OK  [0m] Stopped LSB: Postfix Mail Transport Agent.
[[0;32m  OK  [0m] Stopped LSB: Record successful boot for GRUB.
[[0;32m  OK  [0m] Stopped User Manager for UID 1000.
         Stopping MySQL Community Server...
[[0;32m  OK  [0m] Stopped target System Time Synchronized.
[[0;32m  OK  [0m] Removed slice User Slice of ubuntu.
         Stopping Login Service...
[[0;32m  OK  [0m] Removed slice system-getty.slice.
[[0;32m  OK  [0m] Stopped /etc/rc.local Compatibility.
         Stopping Permit User Sessions...
[[0;32m  OK  [0m] Removed slice system-serial\x2dgetty.slice.
[[0;32m  OK  [0m] Stopped Login Service.
[[0;32m  OK  [0m] Stopped Permit User Sessions.
[[0;32m  OK  [0m] Stopped target Remote File Systems.
[[0;32m  OK  [0m] Stopped target Remote File Systems (Pre).
         Stopping Login to default iSCSI targets...
[[0;32m  OK  [0m] Stopped target User and Group Name Lookups.
[[0;32m  OK  [0m] Stopped Login to default iSCSI targets.
         Stopping iSCSI initiator daemon (iscsid)...
[[0;32m  OK  [0m] Stopped iSCSI initiator daemon (iscsid).
[[0;32m  OK  [0m] Stopped target Network is Online.
[[0;32m  OK  [0m] Stopped MySQL Community Server.
[[0;32m  OK  [0m] Stopped target Basic System.
[[0;32m  OK  [0m] Stopped target Paths.
[[0;32m  OK  [0m] Stopped Dispatch Password Requests to Console Directory Watch.
[[0;32m  OK  [0m] Stopped ACPI Events Check.
[[0;32m  OK  [0m] Stopped Forward Password Requests to Wall Directory Watch.
[[0;32m  OK  [0m] Stopped target Sockets.
[[0;32m  OK  [0m] Closed Socket activation for snappy daemon.
[[0;32m  OK  [0m] Closed UUID daemon activation socket.
[[0;32m  OK  [0m] Closed LXD - unix socket.
[[0;32m  OK  [0m] Closed Syslog Socket.
[[0;32m  OK  [0m] Closed ACPID Listen Socket.
[[0;32m  OK  [0m] Closed D-Bus System Message Bus Socket.
[[0;32m  OK  [0m] Stopped target System Initialization.
[[0;32m  OK  [0m] Stopped Initial cloud-init job (metadata service crawler).
         Stopping Update UTMP about System Boot/Shutdown...
[[0;32m  OK  [0m] Stopped Commit a transient machine-id on disk.
[[0;32m  OK  [0m] Stopped target Encrypted Volumes.
[[0;32m  OK  [0m] Stopped target Swap.
         Stopping Load/Save Random Seed...
[[0;32m  OK  [0m] Stopped target Slices.
[[0;32m  OK  [0m] Removed slice User and Session Slice.
[[0;32m  OK  [0m] Stopped target Network.
         Stopping Raise network interfaces...
[[0;32m  OK  [0m] Stopped Load/Save Random Seed.
[[0;32m  OK  [0m] Stopped Update UTMP about System Boot/Shutdown.
[[0;32m  OK  [0m] Stopped Create Volatile Files and Directories.
[[0;32m  OK  [0m] Stopped Raise network interfaces.
[[0;32m  OK  [0m] Stopped target Network (Pre).
[[0;32m  OK  [0m] Stopped Initial cloud-init job (pre-networking).
[[0;32m  OK  [0m] Stopped Apply Kernel Variables.
[[0;32m  OK  [0m] Stopped Load Kernel Modules.
[[0;32m  OK  [0m] Stopped target Local File Systems.
         Unmounting /vagrant...
         Unmounting /srv/config...
         Unmounting /run/user/1000...
         Unmounting /srv/db-mysql...
         Unmounting /srv/share...
         Unmounting /srv/www...
[[0;32m  OK  [0m] Unmounted /vagrant.
[[0;32m  OK  [0m] Unmounted /srv/config.
[[0;32m  OK  [0m] Unmounted /run/user/1000.
[[0;32m  OK  [0m] Unmounted /srv/db-mysql.
[[0;32m  OK  [0m] Unmounted /srv/share.
[[0;32m  OK  [0m] Unmounted /srv/www.
[[0;32m  OK  [0m] Reached target Unmount All Filesystems.
[[0;32m  OK  [0m] Stopped target Local File Systems (Pre).
[[0;32m  OK  [0m] Stopped Remount Root and Kernel File Systems.
[[0;32m  OK  [0m] Stopped Create Static Device Nodes in /dev.
[[0;32m  OK  [0m] Reached target Shutdown.
[  553.613251] reboot: Power down
